<?xml version="1.0" encoding="UTF-8"?>
<!-- Generated by org.testng.reporters.JUnitReportReporter -->
<testsuite hostname="PoojaBeer" failures="0" tests="1" name="com.ts.MTC" time="13.530" errors="0" timestamp="2024-06-14T23:14:05 IST" skipped="0">
  <testcase classname="com.ts.MTC" name="verifyListOfProductsWhenMenFilterIsAppliedForLevis" time="13.530"/>
</testsuite> <!-- com.ts.MTC -->
