<?xml version="1.0" encoding="UTF-8"?>
<!-- Generated by org.testng.reporters.JUnitReportReporter -->
<testsuite hostname="PoojaBeer" failures="0" tests="1" name="com.testingshastra.TM01" time="0.015" errors="0" timestamp="2024-06-14T00:22:10 IST" skipped="0">
  <testcase classname="com.testingshastra.TM01" name="m1" time="0.015"/>
</testsuite> <!-- com.testingshastra.TM01 -->
